#
# A fatal error has been detected by the Java Runtime Environment:
#
#  Internal Error (javaClasses.cpp:136), pid=6900, tid=1060
#  fatal error: Invalid layout of preloaded class
#
# JRE version:  (7.0_45-b18) (build )
# Java VM: Java HotSpot(TM) 64-Bit Server VM (24.45-b08 mixed mode windows-amd64 compressed oops)
# Failed to write core dump. Minidumps are not enabled by default on client versions of Windows
#
# If you would like to submit a bug report, please visit:
#   http://bugreport.sun.com/bugreport/crash.jsp
#

---------------  T H R E A D  ---------------

Current thread (0x00000000021ae800):  JavaThread "Unknown thread" [_thread_in_vm, id=1060, stack(0x0000000002430000,0x0000000002530000)]

Stack: [0x0000000002430000,0x0000000002530000]

---------------  P R O C E S S  ---------------

Java Threads: ( => current thread )

Other Threads:

=>0x00000000021ae800 (exited) JavaThread "Unknown thread" [_thread_in_vm, id=1060, stack(0x0000000002430000,0x0000000002530000)]

VM state:not at safepoint (not fully initialized)

VM Mutex/Monitor currently owned by a thread: None

GC Heap History (0 events):
No events

Deoptimization events (0 events):
No events

Internal exceptions (0 events):
No events

Events (10 events):
Event: 0.009 loading class 0x000000000222c800 done
Event: 0.009 loading class 0x000000000222c220 done
Event: 0.009 loading class 0x000000000222c200
Event: 0.009 loading class 0x0000000002234310
Event: 0.009 loading class 0x0000000002234310 done
Event: 0.009 loading class 0x0000000002234340
Event: 0.009 loading class 0x0000000002234340 done
Event: 0.009 loading class 0x0000000002234370
Event: 0.009 loading class 0x0000000002234370 done
Event: 0.010 loading class 0x000000000222c200 done


Dynamic libraries:
0x000000013fc40000 - 0x000000013fc73000 	E:\Java\bin\javaw.exe
0x0000000077760000 - 0x0000000077909000 	C:\windows\SYSTEM32\ntdll.dll
0x0000000077640000 - 0x000000007775f000 	C:\windows\system32\kernel32.dll
0x000007fefdec0000 - 0x000007fefdf2b000 	C:\windows\system32\KERNELBASE.dll
0x000007feff7d0000 - 0x000007feff8ab000 	C:\windows\system32\ADVAPI32.dll
0x000007fefe030000 - 0x000007fefe0cf000 	C:\windows\system32\msvcrt.dll
0x000007feffa50000 - 0x000007feffa6f000 	C:\windows\SYSTEM32\sechost.dll
0x000007feff920000 - 0x000007feffa4d000 	C:\windows\system32\RPCRT4.dll
0x0000000077540000 - 0x000000007763a000 	C:\windows\system32\USER32.dll
0x000007feff8b0000 - 0x000007feff917000 	C:\windows\system32\GDI32.dll
0x000007feff6f0000 - 0x000007feff6fe000 	C:\windows\system32\LPK.dll
0x000007feff700000 - 0x000007feff7c9000 	C:\windows\system32\USP10.dll
0x000007fefc610000 - 0x000007fefc804000 	C:\windows\WinSxS\amd64_microsoft.windows.common-controls_6595b64144ccf1df_6.0.7601.17514_none_fa396087175ac9ac\COMCTL32.dll
0x000007feff250000 - 0x000007feff2c1000 	C:\windows\system32\SHLWAPI.dll
0x000007feff2d0000 - 0x000007feff2fe000 	C:\windows\system32\IMM32.DLL
0x000007fefe180000 - 0x000007fefe289000 	C:\windows\system32\MSCTF.dll
0x000007fefdb50000 - 0x000007fefdbb6000 	C:\Windows\system32\nvinitx.dll
0x00000000676e0000 - 0x00000000677b2000 	E:\Java\jre\bin\msvcr100.dll
0x0000000054640000 - 0x0000000054e09000 	E:\Java\jre\bin\server\jvm.dll
0x000007fef8b60000 - 0x000007fef8b69000 	C:\windows\system32\WSOCK32.dll
0x000007fefe0d0000 - 0x000007fefe11d000 	C:\windows\system32\WS2_32.dll
0x000007fefe290000 - 0x000007fefe298000 	C:\windows\system32\NSI.dll
0x000007fefbbe0000 - 0x000007fefbc1b000 	C:\windows\system32\WINMM.dll
0x0000000077920000 - 0x0000000077927000 	C:\windows\system32\PSAPI.DLL
0x00000000667c0000 - 0x00000000667cf000 	E:\Java\jre\bin\verify.dll
0x0000000066750000 - 0x0000000066778000 	E:\Java\jre\bin\java.dll
0x00000000666b0000 - 0x00000000666c5000 	E:\Java\jre\bin\zip.dll

VM Arguments:
jvm_args: -Dfile.encoding=UTF-8 -Xbootclasspath:F:\adt-bundle-windows-x86_64-20140702\sdk\platforms\android-20\android.jar 
java_command: org.eclipse.jdt.internal.junit.runner.RemoteTestRunner -version 3 -port 2061 -testLoaderClass org.eclipse.jdt.internal.junit.runner.junit3.JUnit3TestLoader -loaderpluginname org.eclipse.jdt.junit.runtime -test com.web.android_sl.test.sessionTest:testSave
Launcher Type: SUN_STANDARD

Environment Variables:
JAVA_HOME=D:\mohaoke\jdk1.7.0_40
CLASSPATH=.;E:\Java\lib\dt.jar;E:\Java\lib\tools.jar
PATH=E:/Java/BIN/../jre/bin/server;E:/Java/BIN/../jre/bin;E:/Java/BIN/../jre/lib/amd64;E:\Java\BIN;E:\Java\JRE\BIN;E:\LEARNINGSOFTWARE\EASYPHP\EASYPHP-DEVSERVER-14.1VC11\BINARIES\PHP\PHP_RUNNINGVERSION;E:\LEARNINGSOFTWARE\EASYPHP\EASYPHP-DEVSERVER-13.1VC9\BINARIES\PHP\PHP_RUNNINGVERSION;C:\PROGRAM FILES (X86)\INTEL\ICLS CLIENT\;C:\PROGRAM FILES\INTEL\ICLS CLIENT\;C:\windows\SYSTEM32;C:\windows;C:\windows\SYSTEM32\WBEM;C:\windows\SYSTEM32\WINDOWSPOWERSHELL\V1.0\;C:\PROGRAM FILES (X86)\INTEL\OPENCL SDK\2.0\BIN\X86;C:\PROGRAM FILES (X86)\INTEL\OPENCL SDK\2.0\BIN\X64;C:\PROGRAM FILES (X86)\MICROSOFT SQL SERVER\100\TOOLS\BINN\;C:\PROGRAM FILES\MICROSOFT SQL SERVER\100\TOOLS\BINN\;C:\PROGRAM FILES\MICROSOFT SQL SERVER\100\DTS\BINN\;C:\PROGRAM FILES (X86)\MICROSOFT SQL SERVER\100\TOOLS\BINN\VSSHELL\COMMON7\IDE\;C:\PROGRAM FILES (X86)\MICROSOFT SQL SERVER\100\DTS\BINN\;D:\MOHAOKE\TORTOISEHG\;C:\PROGRAM FILES\NODEJS\;E:\learningSoftware\mysql\mysql\MySQL Utilities 1.4.3\;E:\learningSoftware\mysql\mysql\MySQL Utilities 1.4.3\Doctrine extensions for PHP\;D:\mohaoke\jdk1.7.0_40\bin;D:\mohaoke\apache-maven-3.1.0\bin;E:\Java\bin;E:\Java\jre\bin;C:\Program Files (x86)\NVIDIA Corporation\PhysX\Common;C:\Program Files (x86)\Intel\iCLS Client\;C:\Program Files\Intel\iCLS Client\;C:\windows\system32;C:\windows;C:\windows\System32\Wbem;C:\windows\System32\WindowsPowerShell\v1.0\;C:\Program Files (x86)\Intel\OpenCL SDK\2.0\bin\x86;C:\Program Files (x86)\Intel\OpenCL SDK\2.0\bin\x64;C:\Program Files (x86)\Microsoft SQL Server\100\Tools\Binn\;C:\Program Files\Microsoft SQL Server\100\Tools\Binn\;C:\Program Files\Microsoft SQL Server\100\DTS\Binn\;C:\Program Files (x86)\Microsoft SQL Server\100\Tools\Binn\VSShell\Common7\IDE\;C:\Program Files (x86)\Microsoft SQL Server\100\DTS\Binn";C:\Users\yuluhuang\AppData\Roaming\npm;.;;F:\adt-bundle-windows-x86_64-20140702\eclipse;;.;
USERNAME=yuluhuang
OS=Windows_NT
PROCESSOR_IDENTIFIER=Intel64 Family 6 Model 42 Stepping 7, GenuineIntel



---------------  S Y S T E M  ---------------

OS: Windows 7 , 64 bit Build 7601 Service Pack 1

CPU:total 4 (2 cores per cpu, 2 threads per core) family 6 model 42 stepping 7, cmov, cx8, fxsr, mmx, sse, sse2, sse3, ssse3, sse4.1, sse4.2, popcnt, avx, ht, tsc, tscinvbit

Memory: 4k page, physical 4106416k(750168k free), swap 8210972k(2416364k free)

vm_info: Java HotSpot(TM) 64-Bit Server VM (24.45-b08) for windows-amd64 JRE (1.7.0_45-b18), built on Oct  8 2013 05:47:22 by "java_re" with unknown MS VC++:1600

time: Tue Sep 02 07:32:07 2014
elapsed time: 0 seconds

